172
2 498 499 
2 496 497 
2 494 495 
2 492 493 
2 490 491 
2 488 489 
2 486 487 
2 484 485 
2 482 483 
2 480 481 
2 478 479 
2 476 477 
2 474 475 
2 472 473 
2 470 471 
2 468 469 
2 466 467 
2 464 465 
2 462 463 
2 460 461 
2 458 459 
2 456 457 
2 454 455 
2 452 453 
2 450 451 
2 448 449 
2 446 447 
2 444 445 
2 442 443 
2 440 441 
2 438 439 
2 436 437 
2 434 435 
2 432 433 
2 430 431 
2 428 429 
2 426 427 
2 424 425 
2 422 423 
2 420 421 
2 418 419 
2 416 417 
2 414 415 
2 412 413 
2 410 411 
2 408 409 
2 406 407 
2 404 405 
2 402 403 
2 400 401 
2 398 399 
2 396 397 
2 394 395 
2 392 393 
2 390 391 
2 388 389 
2 386 387 
2 384 385 
2 382 383 
2 380 381 
2 378 379 
2 376 377 
2 374 375 
2 372 373 
2 370 371 
3 367 368 369 
3 364 365 366 
3 361 362 363 
3 358 359 360 
3 355 356 357 
3 352 353 354 
3 349 350 351 
3 346 347 348 
3 343 344 345 
3 340 341 342 
3 337 338 339 
3 334 335 336 
3 331 332 333 
3 328 329 330 
3 325 326 327 
3 322 323 324 
3 319 320 321 
3 316 317 318 
3 313 314 315 
3 310 311 312 
3 307 308 309 
3 304 305 306 
3 301 302 303 
3 298 299 300 
3 295 296 297 
3 292 293 294 
3 289 290 291 
3 286 287 288 
3 283 284 285 
3 280 281 282 
3 277 278 279 
3 274 275 276 
3 271 272 273 
3 268 269 270 
3 265 266 267 
3 262 263 264 
3 259 260 261 
3 256 257 258 
3 253 254 255 
3 250 251 252 
3 247 248 249 
3 244 245 246 
3 241 242 243 
3 238 239 240 
3 235 236 237 
3 232 233 234 
3 229 230 231 
3 226 227 228 
3 223 224 225 
3 220 221 222 
3 217 218 219 
3 214 215 216 
3 211 212 213 
3 208 209 210 
3 205 206 207 
3 202 203 204 
3 199 200 201 
3 196 197 198 
3 193 194 195 
3 190 191 192 
4 186 187 188 189 
4 182 183 184 185 
4 178 179 180 181 
4 174 175 176 177 
4 170 171 172 173 
4 166 167 168 169 
4 162 163 164 165 
4 158 159 160 161 
4 154 155 156 157 
4 150 151 152 153 
4 146 147 148 149 
4 142 143 144 145 
4 138 139 140 141 
4 134 135 136 137 
4 130 131 132 133 
4 126 127 128 129 
4 122 123 124 125 
4 118 119 120 121 
4 114 115 116 117 
4 110 111 112 113 
4 106 107 108 109 
4 102 103 104 105 
4 98 99 100 101 
4 94 95 96 97 
4 90 91 92 93 
4 86 87 88 89 
4 82 83 84 85 
4 78 79 80 81 
4 74 75 76 77 
4 70 71 72 73 
4 66 67 68 69 
4 62 63 64 65 
4 58 59 60 61 
4 54 55 56 57 
4 50 51 52 53 
4 46 47 48 49 
4 42 43 44 45 
4 38 39 40 41 
4 34 35 36 37 
4 30 31 32 33 
4 26 27 28 29 
4 22 23 24 25 
4 18 19 20 21 
4 14 15 16 17 
4 10 11 12 13 
4 6 7 8 9 
4 2 3 4 5 
